13:07:05| finished reading file
13:07:06| Ki-Adi-Mundi
13:07:06| Wicket Systri Warrick
13:07:06| Padmé Amidala
13:07:06| Wedge Antilles
13:07:07| Leia Organa
13:07:07| Shaak Ti
13:07:07| R5-D4
13:07:07| Grievous
13:07:08| Kit Fisto
13:07:08| Sly Moore
13:07:08| R2-D2
13:07:08| Poggle the Lesser
13:07:09| Adi Gallia
13:07:09| Mace Windu
13:07:09| Ayla Secura
13:07:09| Saesee Tiin
13:07:10| Eeth Koth
13:07:10| Darth Vader
13:07:10| R4-P17
13:07:10| Tarfful
13:07:11| Luke Skywalker
13:07:11| Wat Tambor
13:07:11| Tion Medon
13:07:11| Palpatine
13:07:12| Dooku
13:07:12| Wilhuff Tarkin
13:07:12| Chewbacca
13:07:12| Luminara Unduli
13:07:13| Raymus Antilles
13:07:13| Beru Whitesun lars
13:07:13| Owen Lars
13:07:13| Yoda
13:07:14| C-3PO
13:07:14| Anakin Skywalker
13:07:14| Plo Koon
13:07:14| Nute Gunray
13:07:15| Bail Prestor Organa
13:07:15| Obi-Wan Kenobi
13:07:15| Time to process all URLS = 10.16997688
