13:04:22| finished reading file
13:04:24| Wedge Antilles
13:04:24| Wicket Systri Warrick
13:04:24| Padmé Amidala
13:04:24| Ki-Adi-Mundi
13:04:25| Shaak Ti
13:04:25| Grievous
13:04:25| Leia Organa
13:04:25| R5-D4
13:04:26| Kit Fisto
13:04:26| Sly Moore
13:04:26| R2-D2
13:04:26| Poggle the Lesser
13:04:27| Saesee Tiin
13:04:27| Adi Gallia
13:04:27| Mace Windu
13:04:27| Ayla Secura
13:04:28| Tarfful
13:04:28| R4-P17
13:04:28| Darth Vader
13:04:28| Eeth Koth
13:04:29| Palpatine
13:04:29| Tion Medon
13:04:29| Wat Tambor
13:04:29| Luke Skywalker
13:04:30| Luminara Unduli
13:04:30| Chewbacca
13:04:30| Dooku
13:04:30| Wilhuff Tarkin
13:04:31| Raymus Antilles
13:04:31| Beru Whitesun lars
13:04:31| Owen Lars
13:04:31| Yoda
13:04:32| C-3PO
13:04:32| Anakin Skywalker
13:04:32| Nute Gunray
13:04:32| Plo Koon
13:04:33| Obi-Wan Kenobi
13:04:33| Bail Prestor Organa
13:04:33| Time to process all URLS = 10.15237506
