14:54:16| Starting to retrieve data from the server
14:54:18| title: Revenge of the Sith
14:54:18| episode_id: 3
14:54:18| opening_crawl: War! The Republic is crumbling
under attacks by the ruthless
Sith Lord, Count Dooku.
There are heroes on both sides.
Evil is everywhere.

In a stunning move, the
fiendish droid leader, General
Grievous, has swept into the
Republic capital and kidnapped
Chancellor Palpatine, leader of
the Galactic Senate.

As the Separatist Droid Army
attempts to flee the besieged
capital with their valuable
hostage, two Jedi Knights lead a
desperate mission to rescue the
captive Chancellor....
14:54:18| director: George Lucas
14:54:18| producer: Rick McCallum
14:54:18| release_date: 2005-05-19
14:54:18| characters: 34
14:54:19| Luke Skywalker
14:54:20| C-3PO
14:54:21| R2-D2
14:54:22| Darth Vader
14:54:23| Leia Organa
14:54:24| Owen Lars
14:54:25| Beru Whitesun lars
14:54:26| Obi-Wan Kenobi
14:54:27| Anakin Skywalker
14:54:28| Wilhuff Tarkin
14:54:29| Chewbacca
