14:55:43| Starting to retrieve data from the server
14:55:45| title: Revenge of the Sith
14:55:45| episode_id: 3
14:55:45| opening_crawl: War! The Republic is crumbling
under attacks by the ruthless
Sith Lord, Count Dooku.
There are heroes on both sides.
Evil is everywhere.

In a stunning move, the
fiendish droid leader, General
Grievous, has swept into the
Republic capital and kidnapped
Chancellor Palpatine, leader of
the Galactic Senate.

As the Separatist Droid Army
attempts to flee the besieged
capital with their valuable
hostage, two Jedi Knights lead a
desperate mission to rescue the
captive Chancellor....
14:55:45| director: George Lucas
14:55:45| producer: Rick McCallum
14:55:45| release_date: 2005-05-19
14:55:45| characters: 34
14:56:19| Luke Skywalker, C-3PO, R2-D2, Darth Vader, Leia Organa, Owen Lars, Beru Whitesun lars, Obi-Wan Kenobi, Anakin Skywalker, Wilhuff Tarkin, Chewbacca, Yoda, Palpatine, Nute Gunray, Padmé Amidala, Ayla Secura, Mace Windu, Ki-Adi-Mundi, Kit Fisto, Eeth Koth, Adi Gallia, Saesee Tiin, Plo Koon, Poggle the Lesser, Luminara Unduli, Dooku, Bail Prestor Organa, R4-P17, Shaak Ti, Grievous, Tarfful, Raymus Antilles, Sly Moore, Tion Medon
14:56:19| planets: 13
14:56:32| Tatooine, Alderaan, Dagobah, Naboo, Coruscant, Utapau, Mustafar, Kashyyyk, Polis Massa, Mygeeto, Felucia, Cato Neimoidia, Saleucami
14:56:32| starships: 12
14:56:44| CR90 corvette, Droid control ship, Jedi starfighter, Trade Federation cruiser, Theta-class T-2c shuttle, Republic attack cruiser, Naboo star skiff, Jedi Interceptor, arc-170, Banking clan frigte, Belbullab-22 starfighter, V-wing
14:56:44| vehicles: 13
14:56:57| Vulture Droid, LAAT/i, AT-TE, Neimoidian shuttle, Tsmeu-6 personal wheel bike, Emergency Firespeeder, Droid tri-fighter, Oevvaor jet catamaran, Raddaugh Gnasp fluttercraft, Clone turbo tank, Corporate Alliance tank droid, Droid gunship, AT-RT
14:56:57| species: 20
14:57:17| Human, Droid, Wookie, Yoda species, Twi lek, Toong, Cerean, Tholothian, Iktotchi, Quermian, Kel Dor, Chagrian, Geonosian, Mirialan, Clawdite, Skakoan, Muun, Togruta, Kaleesh, Pau an
14:57:17| created: 2014-12-20T18:49:38.403000Z
14:57:17| edited: 2014-12-20T20:47:52.073000Z
14:57:17| url: http://127.0.0.1:8790/films/6/
14:57:17| Total Time To complete = 94.68148573
14:57:17| There were 94 calls to the server
