08:31:05| Marble count     = 1000
08:31:05| Marble delay     = 0.01
08:31:05| Marbles in a bag = 7
08:31:05| Bagger delay     = 0.05
08:31:05| Assembler delay  = 0.05
08:31:05| Wrapper delay    = 0.05
08:31:05| Create the processes
08:31:05| Starting the processes
08:31:05| Waiting for processes to finish
08:31:17| Contents of boxes.txt
08:31:17| Large marble: Winner, marbles: Antique Bronze, Sage, Green, Antique Bronze, Light Orange, Rose Dust, Pale Cerulean: 2024-06-03 08:31:06.178019
08:31:17| Large marble: Lucky, marbles: Middle Green, Cotton Candy, Green, Lemon Lime, Pale Cerulean, Middle Green, Duke Blue: 2024-06-03 08:31:06.255563
08:31:17| Large marble: Sure Shot, marbles: Silver Pink, Auburn, Orange Soda, Mulberry, Arylide Yellow, Spanish Orange, Rose Dust: 2024-06-03 08:31:06.336409
08:31:17| Large marble: 5-Star, marbles: Auburn, Spanish Pink, Lavender Purple, Arylide Yellow, Light Orchid, Candy Pink, Slate Blue: 2024-06-03 08:31:06.413365
08:31:17| Large marble: Big Joe, marbles: Ruby, Zomp, Russian Violet, Stop Red, Chinese Red, Shandy, Thulian Pink: 2024-06-03 08:31:06.491461
08:31:17| Large marble: 5-Star, marbles: Terra Cotta, Thulian Pink, Dark Moss Green, Neon Silver, Pastel Blue, Silver Pink, Lavender Purple: 2024-06-03 08:31:06.565852
08:31:17| Large marble: Lucky, marbles: Eerie Black, Mode Beige, Tuscan Brown, Pale Taupe, Mint Cream, Maximum Violet, Lavender Purple: 2024-06-03 08:31:06.642255
08:31:17| Large marble: Zeus, marbles: Middle Green, Russian Green, Isabelline, Maximum Purple, Lumber, Brink Pink, Eerie Black: 2024-06-03 08:31:06.720124
08:31:17| Large marble: Zeus, marbles: Arylide Yellow, Dark Fuchsia, Orange Soda, Candy Pink, Pale Plum, Spanish Pink, Platinum: 2024-06-03 08:31:06.799375
08:31:17| Large marble: Apollo, marbles: Chinese Red, Neon Dark Green, Maximum Blue, Orange Peel, Pastel Gray, Lilac Luster, Orange Peel: 2024-06-03 08:31:06.880292
08:31:17| Large marble: Spinner, marbles: Lumber, Sheen Green, Lumber, Middle Green Yellow, Green, Royal Red, Maximum Blue: 2024-06-03 08:31:06.960626
08:31:17| Large marble: Winner, marbles: Beaver, Duke Blue, Duke Blue, Pale Taupe, Gold, Dark Moss Green, Light Orchid: 2024-06-03 08:31:07.042085
08:31:17| Large marble: Apollo, marbles: Zomp, Gold, Orange Soda, Big Dip O’ruby, Isabelline, Light Orange, Almond: 2024-06-03 08:31:07.122514
08:31:17| Large marble: Winner, marbles: Mode Beige, Lemon Lime, Blue-Green, Antique Brass, Safety Yellow, Mint Cream, Golden Yellow: 2024-06-03 08:31:07.201564
08:31:17| Large marble: Big Joe, marbles: Bistre Brown, Bistre Brown, Gold, Maximum Purple, Pastel Gray, Safety Yellow, Maximum Purple: 2024-06-03 08:31:07.277943
08:31:17| Large marble: Apollo, marbles: Spanish Orange, Granny Smith Apple, Auburn, Thulian Pink, Duke Blue, Thulian Pink, Maximum Blue: 2024-06-03 08:31:07.356088
08:31:17| Large marble: Hercules, marbles: Golden Yellow, Spanish Orange, Gold, Rose Quartz, Bistre Brown, Royal Red, Antique Brass: 2024-06-03 08:31:07.434316
08:31:17| Large marble: Spinner, marbles: Neon Dark Green, Golden Yellow, Indigo, Stop Red, Brown, Lumber, Neon Silver: 2024-06-03 08:31:07.511629
08:31:17| Large marble: Sure Shot, marbles: Fiery Rose, Lemon Lime, Almond, Vegas Gold, Lumber, Sage, Pastel Gray: 2024-06-03 08:31:07.586368
08:31:17| Large marble: Lucky, marbles: Sheen Green, Honeydew, Lavender Blue, Lavender Purple, Orange Peel, Pale Goldenrod, Emerald: 2024-06-03 08:31:07.661233
08:31:17| Large marble: Lucky, marbles: Dark Fuchsia, Pastel Gray, Maximum Purple, Pastel Gray, Golden Yellow, Granny Smith Apple, Neon Pink: 2024-06-03 08:31:07.735373
08:31:17| Large marble: Lucky, marbles: Pale Plum, Lavender Purple, Mulberry, Middle Red Purple, Blue-Green, Arylide Yellow, Orange Soda: 2024-06-03 08:31:07.809946
08:31:17| Large marble: Zeus, marbles: Icterine, Maximum Blue, Neon Pink, Lumber, Blue Bell, Middle Red Purple, Auburn: 2024-06-03 08:31:07.888673
08:31:17| Large marble: 5-Star, marbles: Pale Goldenrod, Orange Soda, Lumber, Arylide Yellow, Middle Green, Duke Blue, Beaver: 2024-06-03 08:31:07.965408
08:31:17| Large marble: Hercules, marbles: Arylide Yellow, Venetian Red, Ivory, Candy Pink, Silver Pink, Emerald, Bistre Brown: 2024-06-03 08:31:08.042221
08:31:17| Large marble: Winner, marbles: Spanish Pink, Lumber, Gold, Auburn, Fiery Rose, Beaver, Middle Green Yellow: 2024-06-03 08:31:08.121732
08:31:17| Large marble: Hercules, marbles: Blue-Green, Gold, Maximum Purple, Orange Peel, Tuscan Brown, Slate Blue, Mint Cream: 2024-06-03 08:31:08.201185
08:31:17| Large marble: Winner, marbles: Rose Quartz, Orange Soda, Emerald, Golden Yellow, Russian Violet, Ruby, Rose Quartz: 2024-06-03 08:31:08.279802
08:31:17| Large marble: Big Joe, marbles: Auburn, Pastel Gray, Eerie Black, Thulian Pink, Lilac Luster, Sage, Spanish Orange: 2024-06-03 08:31:08.356719
08:31:17| Large marble: Winner, marbles: Maximum Purple, Indigo, Brown, Lumber, Liver Chestnut, Green, Dark Moss Green: 2024-06-03 08:31:08.436895
08:31:17| Large marble: Sure Shot, marbles: Spanish Orange, Gold, Lavender Purple, White Smoke, Duke Blue, Silver Chalice, Orange Peel: 2024-06-03 08:31:08.514519
08:31:17| Large marble: Hercules, marbles: Middle Red Purple, Brown, Middle Green, Auburn, Maximum Violet, Rose Quartz, Mango Tango: 2024-06-03 08:31:08.592342
08:31:17| Large marble: Big Joe, marbles: Mint Green, Spanish Orange, Mint Cream, Zomp, Silver Pink, Mode Beige, Ruby: 2024-06-03 08:31:08.671614
08:31:17| Large marble: Big Joe, marbles: Cotton Candy, Pale Goldenrod, Rose Dust, Mulberry, Candy Pink, Big Dip O’ruby, Indigo: 2024-06-03 08:31:08.749567
08:31:17| Large marble: 5-Star, marbles: Lemon Lime, Bistre Brown, Sage, Golden Yellow, Shandy, Royal Blue, Fiery Rose: 2024-06-03 08:31:08.829619
08:31:17| Large marble: Hercules, marbles: Maximum Blue, Brink Pink, Tuscan Brown, Icterine, Arylide Yellow, Brown, Indigo: 2024-06-03 08:31:08.906764
08:31:17| Large marble: Hercules, marbles: White Smoke, White Smoke, Spanish Pink, Isabelline, Tuscan Brown, Indigo, Sheen Green: 2024-06-03 08:31:08.981887
08:31:17| Large marble: Apollo, marbles: Antique Bronze, Gold, Neon Dark Green, Russian Green, Lilac Luster, Thulian Pink, Brink Pink: 2024-06-03 08:31:09.067633
08:31:17| Large marble: 5-Star, marbles: Cotton Candy, Mint Green, Neon Silver, Silver Chalice, Stop Red, Mango Tango, Brown: 2024-06-03 08:31:09.139254
08:31:17| Large marble: Sure Shot, marbles: Royal Red, Almond, Duke Blue, Pastel Gray, Mimi Pink, Pale Goldenrod, Maximum Blue: 2024-06-03 08:31:09.212351
08:31:17| Large marble: Sure Shot, marbles: Stop Red, Rose Dust, Mango Tango, Gold, Middle Green Yellow, Cobalt Blue, Royal Blue: 2024-06-03 08:31:09.284459
08:31:17| Large marble: Apollo, marbles: Neon Dark Green, Candy Pink, Granny Smith Apple, Pale Cerulean, Pale Taupe, Green, Maximum Blue: 2024-06-03 08:31:09.360157
08:31:17| Large marble: Lucky, marbles: Russian Green, La Salle Green, Royal Orange, Thulian Pink, Icterine, Granny Smith Apple, Royal Red: 2024-06-03 08:31:09.438830
08:31:17| Large marble: Zeus, marbles: Neon Dark Green, Duke Blue, Granny Smith Apple, Silver Pink, Maximum Blue, Stop Red, La Salle Green: 2024-06-03 08:31:09.511279
08:31:17| Large marble: Hercules, marbles: Orange Soda, Emerald, Tuscan Brown, Royal Red, Indigo, White Smoke, Thulian Pink: 2024-06-03 08:31:09.583731
08:31:17| Large marble: Sure Shot, marbles: Pastel Gray, Spanish Orange, Green, Pale Goldenrod, Gold, Emerald, Lavender Purple: 2024-06-03 08:31:09.656477
08:31:17| Large marble: Hercules, marbles: Slate Blue, Mode Beige, Terra Cotta, Maximum Violet, Light Orchid, Neon Silver, Antique Bronze: 2024-06-03 08:31:09.733823
08:31:17| Large marble: Hercules, marbles: Lemon Lime, Outrageous Orange, Lemon Lime, Big Dip O’ruby, Pale Taupe, Maximum Blue, Golden Yellow: 2024-06-03 08:31:09.808454
08:31:17| Large marble: 5-Star, marbles: Purple, Cotton Candy, Safety Yellow, Green, Silver Chalice, Fiery Rose, Vegas Gold: 2024-06-03 08:31:09.883395
08:31:17| Large marble: Big Joe, marbles: Maximum Blue, Auburn, Cotton Candy, Brown, Pastel Gray, Stop Red, Lilac Luster: 2024-06-03 08:31:09.960167
08:31:17| Large marble: Apollo, marbles: Chinese Red, Tuscan Brown, Outrageous Orange, Pale Taupe, Rose Quartz, Zomp, Neon Dark Green: 2024-06-03 08:31:10.036240
08:31:17| Large marble: Sure Shot, marbles: Lemon Lime, Indigo, Cobalt Blue, Antique Brass, Isabelline, Arylide Yellow, Tuscan Brown: 2024-06-03 08:31:10.111274
08:31:17| Large marble: Apollo, marbles: La Salle Green, Big Dip O’ruby, Middle Red Purple, Lilac Luster, Pastel Gray, Antique Bronze, Mode Beige: 2024-06-03 08:31:10.184854
08:31:17| Large marble: Winner, marbles: Venetian Red, Antique Bronze, Pale Taupe, Pale Plum, Blue Bell, Spanish Carmine, Royal Red: 2024-06-03 08:31:10.259853
08:31:17| Large marble: Hercules, marbles: Dark Fuchsia, Pale Plum, Spanish Carmine, Royal Orange, Almond, Light Orange, Rose Dust: 2024-06-03 08:31:10.336149
08:31:17| Large marble: Sure Shot, marbles: Zomp, Blue, Mode Beige, Light Orange, Duke Blue, Russian Violet, Mode Beige: 2024-06-03 08:31:10.411367
08:31:17| Large marble: Lucky, marbles: Russian Green, Rose Dust, Royal Red, Cobalt Blue, Shandy, Mango Tango, Purple Plum: 2024-06-03 08:31:10.485219
08:31:17| Large marble: 5-Star, marbles: Vegas Gold, Eerie Black, Neon Dark Green, Thulian Pink, Pastel Gray, Almond, Rose Quartz: 2024-06-03 08:31:10.556669
08:31:17| Large marble: Spinner, marbles: Honeydew, Dark Fuchsia, Icterine, Maximum Purple, Middle Green, Pale Taupe, Russian Violet: 2024-06-03 08:31:10.632225
08:31:17| Large marble: Lucky, marbles: Honeydew, Pale Goldenrod, Royal Blue, Duke Blue, Lilac Luster, Green, Almond: 2024-06-03 08:31:10.707204
08:31:17| Large marble: Spinner, marbles: Fiery Rose, Antique Bronze, Lilac Luster, Spanish Pink, Silver Chalice, Lilac Luster, Middle Green: 2024-06-03 08:31:10.782224
08:31:17| Large marble: Hercules, marbles: Silver Chalice, Tuscan Brown, Middle Green Yellow, Lavender Purple, Pastel Blue, Auburn, Royal Blue: 2024-06-03 08:31:10.857849
08:31:17| Large marble: Spinner, marbles: Duke Blue, White Smoke, Spanish Pink, Duke Blue, Rose Quartz, Middle Green Yellow, Mode Beige: 2024-06-03 08:31:10.931792
08:31:17| Large marble: Zeus, marbles: La Salle Green, Indigo, Mulberry, Pastel Blue, Purple, White Smoke, Pastel Gray: 2024-06-03 08:31:11.010102
08:31:17| Large marble: Big Joe, marbles: Brink Pink, Royal Red, Pale Cerulean, Middle Green, Light Orange, Cobalt Blue, Orange Peel: 2024-06-03 08:31:11.085622
08:31:17| Large marble: Spinner, marbles: Terra Cotta, Vegas Gold, Auburn, Middle Red Purple, Thulian Pink, Duke Blue, Chinese Red: 2024-06-03 08:31:11.161407
08:31:17| Large marble: Zeus, marbles: Middle Green Yellow, Cotton Candy, Silver Chalice, La Salle Green, Black Coral, Mode Beige, Maximum Blue: 2024-06-03 08:31:11.237427
08:31:17| Large marble: Winner, marbles: Mimi Pink, Mint Cream, Sage, Dark Fuchsia, Royal Blue, Cobalt Blue, Orange Peel: 2024-06-03 08:31:11.311353
08:31:17| Large marble: Spinner, marbles: Brown, Big Dip O’ruby, Cobalt Blue, Maximum Purple, Sheen Green, Mimi Pink, Lavender Purple: 2024-06-03 08:31:11.387445
08:31:17| Large marble: Hercules, marbles: Blue, Lavender Purple, Zomp, Venetian Red, Rose Quartz, Sheen Green, Thulian Pink: 2024-06-03 08:31:11.465301
08:31:17| Large marble: Spinner, marbles: Blue Bell, Purple, Liver Chestnut, Platinum, Dark Fuchsia, Chinese Red, Blue Bell: 2024-06-03 08:31:11.540364
08:31:17| Large marble: Sure Shot, marbles: Royal Orange, Venetian Red, Mint Green, Antique Brass, Eerie Black, Mimi Pink, Venetian Red: 2024-06-03 08:31:11.616685
08:31:17| Large marble: Spinner, marbles: Safety Yellow, Ruby, Blue-Green, Mimi Pink, Duke Blue, Auburn, Icterine: 2024-06-03 08:31:11.694354
08:31:17| Large marble: Lucky, marbles: Slate Blue, Maximum Blue, Orange Peel, Orange Peel, Bistre Brown, Slate Blue, Duke Blue: 2024-06-03 08:31:11.771757
08:31:17| Large marble: Hercules, marbles: Granny Smith Apple, Platinum, Silver Pink, Candy Pink, Russian Violet, Zomp, Brown: 2024-06-03 08:31:11.844674
08:31:17| Large marble: Spinner, marbles: Platinum, Spanish Orange, Purple Plum, Mimi Pink, Orange Soda, Honeydew, Terra Cotta: 2024-06-03 08:31:11.917145
08:31:17| Large marble: Spinner, marbles: Sheen Green, Terra Cotta, Mimi Pink, Antique Bronze, Brink Pink, Middle Red Purple, Middle Green Yellow: 2024-06-03 08:31:11.994789
08:31:17| Large marble: Big Joe, marbles: Russian Violet, Spanish Carmine, Light Orchid, Neon Silver, Spanish Pink, Liver Chestnut, Lavender Purple: 2024-06-03 08:31:12.067342
08:31:17| Large marble: Zeus, marbles: White Smoke, Eerie Black, Russian Violet, Slate Blue, Orange Peel, Sheen Green, Russian Green: 2024-06-03 08:31:12.144175
08:31:17| Large marble: Winner, marbles: Dark Fuchsia, Duke Blue, Blue, Maximum Purple, Platinum, Big Dip O’ruby, Thulian Pink: 2024-06-03 08:31:12.215711
08:31:17| Large marble: Hercules, marbles: White Smoke, Mango Tango, Brink Pink, Arylide Yellow, Maximum Violet, Orange Soda, Neon Pink: 2024-06-03 08:31:12.293648
08:31:17| Large marble: Sure Shot, marbles: Maximum Purple, Brown, Rose Dust, Pastel Blue, Pastel Gray, Granny Smith Apple, Mint Cream: 2024-06-03 08:31:12.368757
08:31:17| Large marble: Sure Shot, marbles: Candy Pink, Pale Plum, Brink Pink, Pale Taupe, Light Orange, Slate Blue, Granny Smith Apple: 2024-06-03 08:31:12.445133
08:31:17| Large marble: Winner, marbles: Brown, Mint Cream, Mode Beige, Pale Plum, Arylide Yellow, Pastel Blue, Sheen Green: 2024-06-03 08:31:12.530566
08:31:17| Large marble: Lucky, marbles: Outrageous Orange, Cotton Candy, La Salle Green, Outrageous Orange, Pale Taupe, Thulian Pink, Spanish Carmine: 2024-06-03 08:31:12.607039
08:31:17| Large marble: Sure Shot, marbles: Royal Blue, Purple Plum, Eerie Black, Russian Green, Middle Green Yellow, Emerald, Lavender Blue: 2024-06-03 08:31:12.679794
08:31:17| Large marble: Lucky, marbles: Orange Peel, Antique Brass, Spanish Orange, Purple Plum, Maximum Purple, Ivory, Orange Soda: 2024-06-03 08:31:12.757884
08:31:17| Large marble: Big Joe, marbles: Mode Beige, Silver Pink, Orange Soda, Cobalt Blue, Purple, Honeydew, Middle Red Purple: 2024-06-03 08:31:12.841628
08:31:17| Large marble: Lucky, marbles: Pale Plum, Royal Blue, Spanish Orange, Honeydew, Russian Green, Orange Peel, Eerie Black: 2024-06-03 08:31:12.913484
08:31:17| Large marble: Sure Shot, marbles: Outrageous Orange, Dark Fuchsia, Auburn, Sheen Green, Green, Chinese Red, Silver Pink: 2024-06-03 08:31:12.986805
08:31:17| Large marble: Big Joe, marbles: Mode Beige, Rose Quartz, Mango Tango, Brown, Cobalt Blue, Pale Taupe, Cobalt Blue: 2024-06-03 08:31:13.063419
08:31:17| Large marble: Sure Shot, marbles: Pastel Gray, Lumber, White Smoke, Sage, Neon Pink, Neon Dark Green, Mimi Pink: 2024-06-03 08:31:13.138731
08:31:17| Large marble: 5-Star, marbles: Royal Red, Gold, Antique Brass, Purple, Pale Taupe, Ivory, Beaver: 2024-06-03 08:31:13.214927
08:31:17| Large marble: Apollo, marbles: Purple Plum, Maximum Purple, Duke Blue, Candy Pink, Platinum, Blue-Green, Royal Orange: 2024-06-03 08:31:13.291367
08:31:17| Large marble: Sure Shot, marbles: Spanish Orange, Arylide Yellow, Eerie Black, Spanish Orange, Eerie Black, Mulberry, Orange Soda: 2024-06-03 08:31:13.365455
08:31:17| Large marble: 5-Star, marbles: Middle Green, Maximum Purple, Cobalt Blue, Emerald, Silver Pink, Isabelline, Silver Chalice: 2024-06-03 08:31:13.438865
08:31:17| Large marble: Winner, marbles: Silver Chalice, Antique Bronze, Eerie Black, Mint Green, Antique Bronze, Dark Fuchsia, Spanish Carmine: 2024-06-03 08:31:13.515965
08:31:17| Large marble: Big Joe, marbles: Emerald, Lavender Purple, Blue Bell, Outrageous Orange, Maximum Purple, Liver Chestnut, Blue Bell: 2024-06-03 08:31:13.592147
08:31:17| Large marble: Lucky, marbles: Royal Red, Icterine, Silver Pink, Neon Pink, Neon Silver, Neon Pink, Fiery Rose: 2024-06-03 08:31:13.669430
08:31:17| Large marble: Apollo, marbles: Pale Taupe, Cobalt Blue, Light Orchid, La Salle Green, Pastel Gray, Sage, Big Dip O’ruby: 2024-06-03 08:31:13.760402
08:31:17| Large marble: Spinner, marbles: Mint Cream, Shandy, Lemon Lime, Neon Silver, Isabelline, Antique Bronze, Orange Soda: 2024-06-03 08:31:13.838896
08:31:17| Large marble: Hercules, marbles: Neon Dark Green, Blue-Green, Sheen Green, Maximum Purple, Safety Yellow, Royal Blue, Middle Red Purple: 2024-06-03 08:31:13.915201
08:31:17| Large marble: Lucky, marbles: Pastel Blue, Dark Fuchsia, Candy Pink, Royal Red, Maximum Blue, Blue-Green, Liver Chestnut: 2024-06-03 08:31:13.992762
08:31:17| Large marble: Spinner, marbles: Middle Green, Spanish Carmine, Pastel Gray, Silver Pink, Slate Blue, Middle Red Purple, Cobalt Blue: 2024-06-03 08:31:14.066377
08:31:17| Large marble: Winner, marbles: Spanish Carmine, Ivory, Light Orchid, Mint Green, Granny Smith Apple, La Salle Green, Lilac Luster: 2024-06-03 08:31:14.138809
08:31:17| Large marble: Sure Shot, marbles: Maximum Violet, Honeydew, Gold, Liver Chestnut, Russian Green, Silver Pink, Brown: 2024-06-03 08:31:14.213529
08:31:17| Large marble: Apollo, marbles: Pale Cerulean, Neon Silver, Maximum Violet, Pastel Blue, Safety Yellow, Mango Tango, Auburn: 2024-06-03 08:31:14.289238
08:31:17| Large marble: Apollo, marbles: Middle Green Yellow, Lumber, Spanish Carmine, Middle Green Yellow, Almond, Lumber, Orange Peel: 2024-06-03 08:31:14.365899
08:31:17| Large marble: Spinner, marbles: Orange Soda, Emerald, Pastel Gray, Light Orchid, Light Orchid, Brink Pink, Middle Red Purple: 2024-06-03 08:31:14.444786
08:31:17| Large marble: Big Joe, marbles: Zomp, Spanish Carmine, Venetian Red, Spanish Pink, Terra Cotta, Light Orchid, Emerald: 2024-06-03 08:31:14.519927
08:31:17| Large marble: Hercules, marbles: Emerald, Neon Silver, Liver Chestnut, Lilac Luster, Pastel Blue, Green, Gold: 2024-06-03 08:31:14.593339
08:31:17| Large marble: Zeus, marbles: Almond, Emerald, Terra Cotta, Sage, Duke Blue, Arylide Yellow, Mode Beige: 2024-06-03 08:31:14.669790
08:31:17| Large marble: Apollo, marbles: Lilac Luster, Indigo, Dark Moss Green, Mint Green, Chinese Red, Maximum Violet, Maximum Violet: 2024-06-03 08:31:14.747842
08:31:17| Large marble: Winner, marbles: Shandy, Antique Bronze, Dark Moss Green, Russian Violet, Rose Dust, Big Dip O’ruby, Emerald: 2024-06-03 08:31:14.822734
08:31:17| Large marble: Zeus, marbles: Granny Smith Apple, Dark Fuchsia, Pale Plum, Royal Blue, Indigo, Lavender Blue, Gold: 2024-06-03 08:31:14.901565
08:31:17| Large marble: 5-Star, marbles: Pale Taupe, Royal Blue, Safety Yellow, Light Orange, Duke Blue, Maximum Blue, Arylide Yellow: 2024-06-03 08:31:14.976035
08:31:17| Large marble: 5-Star, marbles: Icterine, Dark Fuchsia, Chinese Red, Ivory, Stop Red, Lemon Lime, Icterine: 2024-06-03 08:31:15.052278
08:31:17| Large marble: Big Joe, marbles: Cobalt Blue, Orange Soda, Light Orchid, Royal Blue, Honeydew, Mint Cream, Purple Plum: 2024-06-03 08:31:15.130523
08:31:17| Large marble: Zeus, marbles: Neon Pink, Maximum Violet, Lemon Lime, Thulian Pink, Vegas Gold, Emerald, Orange Soda: 2024-06-03 08:31:15.205652
08:31:17| Large marble: Zeus, marbles: Bistre Brown, La Salle Green, Middle Green, Mimi Pink, Isabelline, Thulian Pink, Eerie Black: 2024-06-03 08:31:15.283742
08:31:17| Large marble: Big Joe, marbles: Indigo, Blue, Orange Soda, Pale Goldenrod, Maximum Violet, Emerald, Antique Bronze: 2024-06-03 08:31:15.359007
08:31:17| Large marble: Apollo, marbles: Gold, Sheen Green, Green, Green, Purple Plum, Lilac Luster, Rose Dust: 2024-06-03 08:31:15.434878
08:31:17| Large marble: Big Joe, marbles: Light Orchid, Pastel Blue, Eerie Black, Blue, La Salle Green, Pale Taupe, Antique Brass: 2024-06-03 08:31:15.508312
08:31:17| Large marble: Winner, marbles: Big Dip O’ruby, Mimi Pink, Lemon Lime, Silver Chalice, Granny Smith Apple, Rose Quartz, Maximum Blue: 2024-06-03 08:31:15.584372
08:31:17| Large marble: Big Joe, marbles: Chinese Red, Candy Pink, Lemon Lime, Dark Fuchsia, Maximum Purple, Neon Silver, Emerald: 2024-06-03 08:31:15.656197
08:31:17| Large marble: 5-Star, marbles: Light Orange, Vegas Gold, Cobalt Blue, Terra Cotta, Emerald, Icterine, Blue-Green: 2024-06-03 08:31:15.729181
08:31:17| Large marble: Winner, marbles: Thulian Pink, Pastel Blue, Middle Red Purple, Spanish Pink, Light Orchid, Purple, Middle Green Yellow: 2024-06-03 08:31:15.804405
08:31:17| Large marble: 5-Star, marbles: Mode Beige, Neon Dark Green, Purple, Lavender Blue, Cobalt Blue, Ruby, Purple Plum: 2024-06-03 08:31:15.877494
08:31:17| Large marble: 5-Star, marbles: Antique Brass, Platinum, Indigo, Russian Green, Silver Pink, Maximum Violet, Mango Tango: 2024-06-03 08:31:15.955362
08:31:17| Large marble: Winner, marbles: Brink Pink, Cotton Candy, Pale Taupe, Neon Silver, Arylide Yellow, Outrageous Orange, Antique Bronze: 2024-06-03 08:31:16.030187
08:31:17| Large marble: 5-Star, marbles: Neon Silver, Mode Beige, Maximum Blue, Almond, Antique Bronze, Isabelline, Almond: 2024-06-03 08:31:16.105468
08:31:17| Large marble: Winner, marbles: Eerie Black, Terra Cotta, Ivory, White Smoke, Dark Moss Green, Fiery Rose, Lilac Luster: 2024-06-03 08:31:16.180222
08:31:17| Large marble: Apollo, marbles: Gold, Bistre Brown, Russian Violet, Rose Dust, Almond, Mulberry, Blue: 2024-06-03 08:31:16.254383
08:31:17| Large marble: Lucky, marbles: Icterine, Venetian Red, Duke Blue, Lumber, Sheen Green, Lavender Purple, Safety Yellow: 2024-06-03 08:31:16.328303
08:31:17| Large marble: Winner, marbles: Cotton Candy, Neon Dark Green, Ivory, Neon Dark Green, Purple Plum, Rose Dust, Antique Bronze: 2024-06-03 08:31:16.401598
08:31:17| Large marble: Lucky, marbles: Sheen Green, Middle Green Yellow, Eerie Black, Cotton Candy, Icterine, Maximum Blue, La Salle Green: 2024-06-03 08:31:16.475377
08:31:17| Large marble: Spinner, marbles: Russian Violet, Mint Cream, Blue, Mint Green, Safety Yellow, Icterine, Fiery Rose: 2024-06-03 08:31:16.552638
08:31:17| Large marble: Apollo, marbles: Neon Silver, Big Dip O’ruby, Icterine, Icterine, Mulberry, Rose Dust, Duke Blue: 2024-06-03 08:31:16.627983
08:31:17| Large marble: Winner, marbles: Pale Taupe, Mango Tango, Sheen Green, Golden Yellow, Fiery Rose, Pale Goldenrod, Middle Red Purple: 2024-06-03 08:31:16.701674
08:31:17| Large marble: Sure Shot, marbles: Ivory, Terra Cotta, Thulian Pink, Orange Soda, Isabelline, Purple Plum, Mint Cream: 2024-06-03 08:31:16.777130
08:31:17| Large marble: Big Joe, marbles: Dark Fuchsia, Blue Bell, Bistre Brown, Russian Violet, Stop Red, Isabelline, Blue Bell: 2024-06-03 08:31:16.853723
08:31:17| Large marble: Lucky, marbles: Beaver, Golden Yellow, Fiery Rose, Lemon Lime, Pastel Blue, Cobalt Blue, Mimi Pink: 2024-06-03 08:31:16.926897
08:31:17| Large marble: Hercules, marbles: Neon Pink, Middle Green Yellow, Zomp, Eerie Black, Dark Moss Green, Cotton Candy: 2024-06-03 08:31:17.002071
08:31:17| 143
